2025-12-14 12:43:08,154 - INFO - Main execution block started (/lw, /stop, /help bot).
2025-12-14 12:43:08,154 - INFO - Starting client for ID: 4297254969
2025-12-14 12:43:11,269 - INFO - Token decoded. Account ID: 13901008644
2025-12-14 12:43:11,269 - INFO - Final token constructed successfully.
2025-12-14 12:43:11,432 - INFO - [WHISPER] Connected to 202.81.109.232:39801
2025-12-14 12:43:11,544 - INFO - [ONLINE] Connected to 202.81.109.7:39699
2025-12-14 12:46:12,131 - ERROR - Whisper socket closed by remote host. Restarting.
2025-12-14 12:46:12,132 - WARNING - Initiating bot restart...
2025-12-14 12:46:12,133 - ERROR - Online socket closed by remote host. Restarting.
2025-12-14 12:46:12,133 - WARNING - Initiating bot restart...
2025-12-14 12:46:12,141 - ERROR - Error during pre-restart cleanup: (pid=17345)
2025-12-14 12:46:12,537 - INFO - Main execution block started (/lw, /stop, /help bot).
2025-12-14 12:46:12,537 - INFO - Starting client for ID: 4297254969
2025-12-14 12:46:14,678 - INFO - Token decoded. Account ID: 13901008644
2025-12-14 12:46:14,679 - INFO - Final token constructed successfully.
2025-12-14 12:46:14,812 - INFO - [WHISPER] Connected to 202.81.109.232:39801
2025-12-14 12:46:14,976 - INFO - [ONLINE] Connected to 202.81.109.7:39699
2025-12-14 12:49:14,984 - ERROR - Whisper socket closed by remote host. Restarting.
2025-12-14 12:49:14,985 - WARNING - Initiating bot restart...
2025-12-14 12:49:14,992 - ERROR - Error during pre-restart cleanup: (pid=17345)
2025-12-14 12:49:15,375 - INFO - Main execution block started (/lw, /stop, /help bot).
2025-12-14 12:49:15,375 - INFO - Starting client for ID: 4297254969
2025-12-14 12:49:18,535 - INFO - Token decoded. Account ID: 13901008644
2025-12-14 12:49:18,536 - INFO - Final token constructed successfully.
2025-12-14 12:49:18,666 - INFO - [WHISPER] Connected to 202.81.109.232:39801
2025-12-14 12:49:18,781 - INFO - [ONLINE] Connected to 202.81.109.7:39699
2025-12-14 12:52:18,830 - ERROR - Whisper socket closed by remote host. Restarting.
2025-12-14 12:52:18,834 - WARNING - Initiating bot restart...
2025-12-14 12:52:18,841 - ERROR - Error during pre-restart cleanup: (pid=17345)
2025-12-14 12:52:19,277 - INFO - Main execution block started (/lw, /stop, /help bot).
2025-12-14 12:52:19,277 - INFO - Starting client for ID: 4297254969
2025-12-14 12:52:21,046 - INFO - Token decoded. Account ID: 13901008644
2025-12-14 12:52:21,047 - INFO - Final token constructed successfully.
2025-12-14 12:52:21,133 - INFO - [WHISPER] Connected to 202.81.109.232:39801
2025-12-14 12:52:21,219 - INFO - [ONLINE] Connected to 202.81.109.7:39699
2025-12-14 12:55:21,321 - ERROR - Online socket closed by remote host. Restarting.
2025-12-14 12:55:21,321 - WARNING - Initiating bot restart...
2025-12-14 12:55:21,323 - ERROR - Whisper socket closed by remote host. Restarting.
2025-12-14 12:55:21,323 - WARNING - Initiating bot restart...
2025-12-14 12:55:21,331 - ERROR - Error during pre-restart cleanup: (pid=17345)
2025-12-14 12:55:21,719 - INFO - Main execution block started (/lw, /stop, /help bot).
2025-12-14 12:55:21,720 - INFO - Starting client for ID: 4297254969
2025-12-14 12:55:24,504 - INFO - Token decoded. Account ID: 13901008644
2025-12-14 12:55:24,505 - INFO - Final token constructed successfully.
2025-12-14 12:55:24,896 - INFO - [WHISPER] Connected to 202.81.109.232:39801
2025-12-14 12:55:25,044 - INFO - [ONLINE] Connected to 202.81.109.7:39699
2025-12-14 12:58:25,617 - ERROR - Online socket closed by remote host. Restarting.
2025-12-14 12:58:25,618 - ERROR - Whisper socket closed by remote host. Restarting.
2025-12-14 12:58:25,624 - WARNING - Initiating bot restart...
2025-12-14 12:58:25,626 - WARNING - Initiating bot restart...
2025-12-14 12:58:25,640 - ERROR - Error during pre-restart cleanup: (pid=17345)
2025-12-14 12:58:26,015 - INFO - Main execution block started (/lw, /stop, /help bot).
2025-12-14 12:58:26,015 - INFO - Starting client for ID: 4297254969
2025-12-14 12:58:30,371 - INFO - Token decoded. Account ID: 13901008644
2025-12-14 12:58:30,371 - INFO - Final token constructed successfully.
2025-12-14 12:58:30,571 - INFO - [WHISPER] Connected to 202.81.109.232:39801
2025-12-14 12:58:30,842 - INFO - [ONLINE] Connected to 202.81.109.7:39699
2025-12-14 12:59:33,689 - CRITICAL - A critical unhandled error occurred in connect loop: [Errno 103] Software caused connection abort. Restarting.
2025-12-14 12:59:33,690 - CRITICAL - Unhandled error in sockf1 loop: [Errno 103] Software caused connection abort. Restarting.
2025-12-14 12:59:33,693 - WARNING - Initiating bot restart...
2025-12-14 12:59:33,691 - WARNING - Initiating bot restart...
2025-12-14 12:59:33,705 - ERROR - Error during pre-restart cleanup: (pid=17345)
2025-12-14 12:59:34,145 - INFO - Main execution block started (/lw, /stop, /help bot).
2025-12-14 12:59:34,146 - INFO - Starting client for ID: 4297254969
2025-12-14 12:59:34,149 - CRITICAL - A critical error occurred in the main block: HTTPSConnectionPool(host='100067.connect.garena.com', port=443): Max retries exceeded with url: /oauth/guest/token/grant (Caused by NameResolutionError("HTTPSConnection(host='100067.connect.garena.com', port=443): Failed to resolve '100067.connect.garena.com' ([Errno 7] No address associated with hostname)"))
2025-12-14 12:59:34,149 - INFO - Restarting the entire application in 5 seconds...
2025-12-14 12:59:47,355 - WARNING - Initiating bot restart...
2025-12-14 12:59:47,726 - INFO - Main execution block started (/lw, /stop, /help bot).
2025-12-14 12:59:47,726 - INFO - Starting client for ID: 4297254969
2025-12-14 12:59:47,729 - CRITICAL - A critical error occurred in the main block: HTTPSConnectionPool(host='100067.connect.garena.com', port=443): Max retries exceeded with url: /oauth/guest/token/grant (Caused by NameResolutionError("HTTPSConnection(host='100067.connect.garena.com', port=443): Failed to resolve '100067.connect.garena.com' ([Errno 7] No address associated with hostname)"))
2025-12-14 12:59:47,730 - INFO - Restarting the entire application in 5 seconds...
2025-12-14 13:00:06,125 - WARNING - Initiating bot restart...
2025-12-14 13:00:06,484 - INFO - Main execution block started (/lw, /stop, /help bot).
2025-12-14 13:00:06,484 - INFO - Starting client for ID: 4297254969
2025-12-14 13:00:06,488 - CRITICAL - A critical error occurred in the main block: HTTPSConnectionPool(host='100067.connect.garena.com', port=443): Max retries exceeded with url: /oauth/guest/token/grant (Caused by NameResolutionError("HTTPSConnection(host='100067.connect.garena.com', port=443): Failed to resolve '100067.connect.garena.com' ([Errno 7] No address associated with hostname)"))
2025-12-14 13:00:06,488 - INFO - Restarting the entire application in 5 seconds...
2025-12-14 13:00:12,889 - WARNING - Initiating bot restart...
2025-12-14 13:00:13,271 - INFO - Main execution block started (/lw, /stop, /help bot).
2025-12-14 13:00:13,271 - INFO - Starting client for ID: 4297254969
2025-12-14 13:00:13,275 - CRITICAL - A critical error occurred in the main block: HTTPSConnectionPool(host='100067.connect.garena.com', port=443): Max retries exceeded with url: /oauth/guest/token/grant (Caused by NameResolutionError("HTTPSConnection(host='100067.connect.garena.com', port=443): Failed to resolve '100067.connect.garena.com' ([Errno 7] No address associated with hostname)"))
2025-12-14 13:00:13,275 - INFO - Restarting the entire application in 5 seconds...
2025-12-14 13:00:18,276 - WARNING - Initiating bot restart...
2025-12-14 13:00:18,755 - INFO - Main execution block started (/lw, /stop, /help bot).
2025-12-14 13:00:18,756 - INFO - Starting client for ID: 4297254969
2025-12-14 13:00:18,759 - CRITICAL - A critical error occurred in the main block: HTTPSConnectionPool(host='100067.connect.garena.com', port=443): Max retries exceeded with url: /oauth/guest/token/grant (Caused by NameResolutionError("HTTPSConnection(host='100067.connect.garena.com', port=443): Failed to resolve '100067.connect.garena.com' ([Errno 7] No address associated with hostname)"))
2025-12-14 13:00:18,759 - INFO - Restarting the entire application in 5 seconds...
2025-12-14 13:00:23,760 - WARNING - Initiating bot restart...
2025-12-14 13:00:24,119 - INFO - Main execution block started (/lw, /stop, /help bot).
2025-12-14 13:00:24,119 - INFO - Starting client for ID: 4297254969
2025-12-14 13:00:24,122 - CRITICAL - A critical error occurred in the main block: HTTPSConnectionPool(host='100067.connect.garena.com', port=443): Max retries exceeded with url: /oauth/guest/token/grant (Caused by NameResolutionError("HTTPSConnection(host='100067.connect.garena.com', port=443): Failed to resolve '100067.connect.garena.com' ([Errno 7] No address associated with hostname)"))
2025-12-14 13:00:24,123 - INFO - Restarting the entire application in 5 seconds...
2025-12-14 13:00:29,600 - WARNING - Initiating bot restart...
2025-12-14 13:00:29,948 - INFO - Main execution block started (/lw, /stop, /help bot).
2025-12-14 13:00:29,948 - INFO - Starting client for ID: 4297254969
2025-12-14 13:00:29,951 - CRITICAL - A critical error occurred in the main block: HTTPSConnectionPool(host='100067.connect.garena.com', port=443): Max retries exceeded with url: /oauth/guest/token/grant (Caused by NameResolutionError("HTTPSConnection(host='100067.connect.garena.com', port=443): Failed to resolve '100067.connect.garena.com' ([Errno 7] No address associated with hostname)"))
2025-12-14 13:00:29,952 - INFO - Restarting the entire application in 5 seconds...
2025-12-14 13:00:36,451 - WARNING - Initiating bot restart...
2025-12-14 13:00:36,806 - INFO - Main execution block started (/lw, /stop, /help bot).
2025-12-14 13:00:36,806 - INFO - Starting client for ID: 4297254969
2025-12-14 13:00:36,810 - CRITICAL - A critical error occurred in the main block: HTTPSConnectionPool(host='100067.connect.garena.com', port=443): Max retries exceeded with url: /oauth/guest/token/grant (Caused by NameResolutionError("HTTPSConnection(host='100067.connect.garena.com', port=443): Failed to resolve '100067.connect.garena.com' ([Errno 7] No address associated with hostname)"))
2025-12-14 13:00:36,811 - INFO - Restarting the entire application in 5 seconds...
2025-12-14 13:00:43,898 - WARNING - Initiating bot restart...
2025-12-14 13:00:44,267 - INFO - Main execution block started (/lw, /stop, /help bot).
2025-12-14 13:00:44,268 - INFO - Starting client for ID: 4297254969
2025-12-14 13:00:44,271 - CRITICAL - A critical error occurred in the main block: HTTPSConnectionPool(host='100067.connect.garena.com', port=443): Max retries exceeded with url: /oauth/guest/token/grant (Caused by NameResolutionError("HTTPSConnection(host='100067.connect.garena.com', port=443): Failed to resolve '100067.connect.garena.com' ([Errno 7] No address associated with hostname)"))
2025-12-14 13:00:44,271 - INFO - Restarting the entire application in 5 seconds...
2025-12-14 13:00:49,273 - WARNING - Initiating bot restart...
2025-12-14 13:00:49,639 - INFO - Main execution block started (/lw, /stop, /help bot).
2025-12-14 13:00:49,639 - INFO - Starting client for ID: 4297254969
2025-12-14 13:00:49,643 - CRITICAL - A critical error occurred in the main block: HTTPSConnectionPool(host='100067.connect.garena.com', port=443): Max retries exceeded with url: /oauth/guest/token/grant (Caused by NameResolutionError("HTTPSConnection(host='100067.connect.garena.com', port=443): Failed to resolve '100067.connect.garena.com' ([Errno 7] No address associated with hostname)"))
2025-12-14 13:00:49,644 - INFO - Restarting the entire application in 5 seconds...
2025-12-14 13:00:54,645 - WARNING - Initiating bot restart...
2025-12-14 13:00:54,994 - INFO - Main execution block started (/lw, /stop, /help bot).
2025-12-14 13:00:54,995 - INFO - Starting client for ID: 4297254969
2025-12-14 13:00:54,999 - CRITICAL - A critical error occurred in the main block: HTTPSConnectionPool(host='100067.connect.garena.com', port=443): Max retries exceeded with url: /oauth/guest/token/grant (Caused by NameResolutionError("HTTPSConnection(host='100067.connect.garena.com', port=443): Failed to resolve '100067.connect.garena.com' ([Errno 7] No address associated with hostname)"))
2025-12-14 13:00:54,999 - INFO - Restarting the entire application in 5 seconds...
2025-12-14 13:01:05,224 - WARNING - Initiating bot restart...
2025-12-14 13:01:05,650 - INFO - Main execution block started (/lw, /stop, /help bot).
2025-12-14 13:01:05,650 - INFO - Starting client for ID: 4297254969
2025-12-14 13:01:05,654 - CRITICAL - A critical error occurred in the main block: HTTPSConnectionPool(host='100067.connect.garena.com', port=443): Max retries exceeded with url: /oauth/guest/token/grant (Caused by NameResolutionError("HTTPSConnection(host='100067.connect.garena.com', port=443): Failed to resolve '100067.connect.garena.com' ([Errno 7] No address associated with hostname)"))
2025-12-14 13:01:05,654 - INFO - Restarting the entire application in 5 seconds...
2025-12-14 13:01:10,694 - WARNING - Initiating bot restart...
2025-12-14 13:01:11,042 - INFO - Main execution block started (/lw, /stop, /help bot).
2025-12-14 13:01:11,042 - INFO - Starting client for ID: 4297254969
2025-12-14 13:01:11,046 - CRITICAL - A critical error occurred in the main block: HTTPSConnectionPool(host='100067.connect.garena.com', port=443): Max retries exceeded with url: /oauth/guest/token/grant (Caused by NameResolutionError("HTTPSConnection(host='100067.connect.garena.com', port=443): Failed to resolve '100067.connect.garena.com' ([Errno 7] No address associated with hostname)"))
2025-12-14 13:01:11,046 - INFO - Restarting the entire application in 5 seconds...
2025-12-14 13:01:16,397 - WARNING - Initiating bot restart...
2025-12-14 13:01:16,759 - INFO - Main execution block started (/lw, /stop, /help bot).
2025-12-14 13:01:16,760 - INFO - Starting client for ID: 4297254969
2025-12-14 13:01:16,763 - CRITICAL - A critical error occurred in the main block: HTTPSConnectionPool(host='100067.connect.garena.com', port=443): Max retries exceeded with url: /oauth/guest/token/grant (Caused by NameResolutionError("HTTPSConnection(host='100067.connect.garena.com', port=443): Failed to resolve '100067.connect.garena.com' ([Errno 7] No address associated with hostname)"))
2025-12-14 13:01:16,763 - INFO - Restarting the entire application in 5 seconds...
2025-12-14 13:01:21,766 - WARNING - Initiating bot restart...
2025-12-14 13:01:22,120 - INFO - Main execution block started (/lw, /stop, /help bot).
2025-12-14 13:01:22,121 - INFO - Starting client for ID: 4297254969
2025-12-14 13:01:22,124 - CRITICAL - A critical error occurred in the main block: HTTPSConnectionPool(host='100067.connect.garena.com', port=443): Max retries exceeded with url: /oauth/guest/token/grant (Caused by NameResolutionError("HTTPSConnection(host='100067.connect.garena.com', port=443): Failed to resolve '100067.connect.garena.com' ([Errno 7] No address associated with hostname)"))
2025-12-14 13:01:22,124 - INFO - Restarting the entire application in 5 seconds...
2025-12-14 13:01:27,125 - WARNING - Initiating bot restart...
2025-12-14 13:01:27,493 - INFO - Main execution block started (/lw, /stop, /help bot).
2025-12-14 13:01:27,494 - INFO - Starting client for ID: 4297254969
2025-12-14 13:01:27,498 - CRITICAL - A critical error occurred in the main block: HTTPSConnectionPool(host='100067.connect.garena.com', port=443): Max retries exceeded with url: /oauth/guest/token/grant (Caused by NameResolutionError("HTTPSConnection(host='100067.connect.garena.com', port=443): Failed to resolve '100067.connect.garena.com' ([Errno 7] No address associated with hostname)"))
2025-12-14 13:01:27,498 - INFO - Restarting the entire application in 5 seconds...
2025-12-14 13:01:43,052 - WARNING - Initiating bot restart...
2025-12-14 13:01:43,427 - INFO - Main execution block started (/lw, /stop, /help bot).
2025-12-14 13:01:43,427 - INFO - Starting client for ID: 4297254969
2025-12-14 13:01:43,430 - CRITICAL - A critical error occurred in the main block: HTTPSConnectionPool(host='100067.connect.garena.com', port=443): Max retries exceeded with url: /oauth/guest/token/grant (Caused by NameResolutionError("HTTPSConnection(host='100067.connect.garena.com', port=443): Failed to resolve '100067.connect.garena.com' ([Errno 7] No address associated with hostname)"))
2025-12-14 13:01:43,430 - INFO - Restarting the entire application in 5 seconds...
2025-12-14 13:01:51,353 - WARNING - Initiating bot restart...
2025-12-14 13:01:51,736 - INFO - Main execution block started (/lw, /stop, /help bot).
2025-12-14 13:01:51,736 - INFO - Starting client for ID: 4297254969
2025-12-14 13:01:51,740 - CRITICAL - A critical error occurred in the main block: HTTPSConnectionPool(host='100067.connect.garena.com', port=443): Max retries exceeded with url: /oauth/guest/token/grant (Caused by NameResolutionError("HTTPSConnection(host='100067.connect.garena.com', port=443): Failed to resolve '100067.connect.garena.com' ([Errno 7] No address associated with hostname)"))
2025-12-14 13:01:51,740 - INFO - Restarting the entire application in 5 seconds...
2025-12-14 13:01:56,742 - WARNING - Initiating bot restart...
2025-12-14 13:01:57,110 - INFO - Main execution block started (/lw, /stop, /help bot).
2025-12-14 13:01:57,110 - INFO - Starting client for ID: 4297254969
2025-12-14 13:01:57,114 - CRITICAL - A critical error occurred in the main block: HTTPSConnectionPool(host='100067.connect.garena.com', port=443): Max retries exceeded with url: /oauth/guest/token/grant (Caused by NameResolutionError("HTTPSConnection(host='100067.connect.garena.com', port=443): Failed to resolve '100067.connect.garena.com' ([Errno 7] No address associated with hostname)"))
2025-12-14 13:01:57,114 - INFO - Restarting the entire application in 5 seconds...
2025-12-14 13:02:02,116 - WARNING - Initiating bot restart...
2025-12-14 13:02:02,483 - INFO - Main execution block started (/lw, /stop, /help bot).
2025-12-14 13:02:02,483 - INFO - Starting client for ID: 4297254969
2025-12-14 13:02:02,486 - CRITICAL - A critical error occurred in the main block: HTTPSConnectionPool(host='100067.connect.garena.com', port=443): Max retries exceeded with url: /oauth/guest/token/grant (Caused by NameResolutionError("HTTPSConnection(host='100067.connect.garena.com', port=443): Failed to resolve '100067.connect.garena.com' ([Errno 7] No address associated with hostname)"))
2025-12-14 13:02:02,486 - INFO - Restarting the entire application in 5 seconds...
2025-12-14 13:02:07,487 - WARNING - Initiating bot restart...
2025-12-14 13:02:07,853 - INFO - Main execution block started (/lw, /stop, /help bot).
2025-12-14 13:02:07,854 - INFO - Starting client for ID: 4297254969
2025-12-14 13:02:07,858 - CRITICAL - A critical error occurred in the main block: HTTPSConnectionPool(host='100067.connect.garena.com', port=443): Max retries exceeded with url: /oauth/guest/token/grant (Caused by NameResolutionError("HTTPSConnection(host='100067.connect.garena.com', port=443): Failed to resolve '100067.connect.garena.com' ([Errno 7] No address associated with hostname)"))
2025-12-14 13:02:07,858 - INFO - Restarting the entire application in 5 seconds...
2025-12-14 13:02:12,861 - WARNING - Initiating bot restart...
2025-12-14 13:02:13,220 - INFO - Main execution block started (/lw, /stop, /help bot).
2025-12-14 13:02:13,220 - INFO - Starting client for ID: 4297254969
2025-12-14 13:02:13,224 - CRITICAL - A critical error occurred in the main block: HTTPSConnectionPool(host='100067.connect.garena.com', port=443): Max retries exceeded with url: /oauth/guest/token/grant (Caused by NameResolutionError("HTTPSConnection(host='100067.connect.garena.com', port=443): Failed to resolve '100067.connect.garena.com' ([Errno 7] No address associated with hostname)"))
2025-12-14 13:02:13,224 - INFO - Restarting the entire application in 5 seconds...
2025-12-14 13:02:18,224 - WARNING - Initiating bot restart...
2025-12-14 13:02:18,578 - INFO - Main execution block started (/lw, /stop, /help bot).
2025-12-14 13:02:18,578 - INFO - Starting client for ID: 4297254969
2025-12-14 13:02:18,582 - CRITICAL - A critical error occurred in the main block: HTTPSConnectionPool(host='100067.connect.garena.com', port=443): Max retries exceeded with url: /oauth/guest/token/grant (Caused by NameResolutionError("HTTPSConnection(host='100067.connect.garena.com', port=443): Failed to resolve '100067.connect.garena.com' ([Errno 7] No address associated with hostname)"))
2025-12-14 13:02:18,582 - INFO - Restarting the entire application in 5 seconds...
